<?xml version="1.0" encoding="UTF-8"?>
<!-- Generated by org.testng.reporters.JUnitReportReporter -->
<testsuite skipped="0" hostname="JWS-L-1116" name="Test1.Testrunnerclass" tests="1" failures="0" timestamp="12 Oct 2019 12:47:13 GMT" time="0.010" errors="0">
  <testcase name="setup" time="0.010" classname="Test1.Testrunnerclass"/>
</testsuite> <!-- Test1.Testrunnerclass -->
